<?xml version="1.0" encoding="UTF-8"?>
<testng-results ignored="0" total="1" passed="1" failed="0" skipped="0">
  <reporter-output>
  </reporter-output>
  <suite started-at="2022-12-23T17:14:34 IST" name="opencartSuite" finished-at="2022-12-23T17:14:55 IST" duration-ms="20317">
    <groups>
    </groups>
    <test started-at="2022-12-23T17:14:34 IST" name="opencartTest" finished-at="2022-12-23T17:14:55 IST" duration-ms="20317">
      <class name="testcase.TC_001_RegistrationPage">
        <test-method is-config="true" signature="setup(java.lang.String)[pri:0, instance:testcase.TC_001_RegistrationPage@61862a7f]" started-at="2022-12-23T17:14:35 IST" name="setup" finished-at="2022-12-23T17:14:42 IST" duration-ms="7497" status="PASS">
          <params>
            <param index="0">
              <value>
                <![CDATA[chome]]>
              </value>
            </param>
          </params>
          <reporter-output>
          </reporter-output>
        </test-method> <!-- setup -->
        <test-method signature="test_account_Registration()[pri:0, instance:testcase.TC_001_RegistrationPage@61862a7f]" started-at="2022-12-23T17:14:42 IST" name="test_account_Registration" finished-at="2022-12-23T17:14:55 IST" duration-ms="12408" status="PASS">
          <reporter-output>
          </reporter-output>
        </test-method> <!-- test_account_Registration -->
      </class> <!-- testcase.TC_001_RegistrationPage -->
    </test> <!-- opencartTest -->
  </suite> <!-- opencartSuite -->
</testng-results>
